{
  "RSpec": {
    "coverage": {
      "/home/ec2-user/environment/team_froyo/app/helpers/sessions_helper.rb": [
        0,
        null,
        0,
        0,
        0,
        null,
        0,
        0,
        0,
        0,
        0,
        null,
        0,
        0,
        0,
        0,
        0,
        0,
        0,
        0,
        0,
        0,
        0,
        null,
        0,
        0,
        0,
        null,
        0,
        0,
        0,
        0,
        0,
        null,
        0,
        0,
        0,
        0,
        0,
        null,
        0,
        0,
        0,
        null,
        0,
        0,
        0,
        0,
        null,
        0,
        0,
        0,
        null,
        0
      ],
      "/home/ec2-user/environment/team_froyo/app/helpers/instructors_helper.rb": [
        0,
        0
      ],
      "/home/ec2-user/environment/team_froyo/app/helpers/static_pages_helper.rb": [
        0,
        0
      ],
      "/home/ec2-user/environment/team_froyo/app/helpers/application_helper.rb": [
        0,
        null,
        0,
        0,
        0,
        0,
        0,
        0,
        0,
        0,
        null,
        0
      ],
      "/home/ec2-user/environment/team_froyo/app/mailers/application_mailer.rb": [
        0,
        0,
        0,
        0
      ],
      "/home/ec2-user/environment/team_froyo/app/jobs/application_job.rb": [
        0,
        0
      ],
      "/home/ec2-user/environment/team_froyo/app/channels/application_cable/connection.rb": [
        0,
        0,
        0,
        0
      ],
      "/home/ec2-user/environment/team_froyo/app/channels/application_cable/channel.rb": [
        0,
        0,
        0,
        0
      ],
      "/home/ec2-user/environment/team_froyo/app/models/application_record.rb": [
        0,
        0,
        0
      ],
      "/home/ec2-user/environment/team_froyo/app/models/instructor.rb": [
        0,
        0,
        0,
        0,
        0,
        0,
        0,
        0,
        0,
        0,
        null,
        0,
        0,
        0,
        0,
        0,
        null,
        0,
        0,
        0,
        null,
        0,
        0,
        0,
        0,
        null,
        0,
        0,
        0,
        0,
        null,
        0,
        0,
        0,
        0
      ],
      "/home/ec2-user/environment/team_froyo/app/controllers/instructors_controller.rb": [
        0,
        0,
        0,
        0,
        0,
        0,
        0,
        0,
        0,
        0,
        0,
        0,
        0,
        0,
        null,
        0,
        0,
        0,
        null,
        0,
        0,
        0,
        null,
        0,
        0,
        0,
        null,
        0,
        0,
        0,
        null,
        0,
        0,
        0,
        0,
        0,
        0,
        0,
        0,
        0,
        null,
        0,
        0,
        0,
        0,
        0,
        null,
        0,
        null,
        0,
        0,
        0,
        0,
        null,
        0,
        0,
        0,
        0,
        0,
        0,
        0,
        null,
        0,
        0,
        0,
        0,
        null,
        0,
        0,
        0,
        0
      ],
      "/home/ec2-user/environment/team_froyo/app/controllers/sessions_controller.rb": [
        0,
        0,
        0,
        null,
        0,
        0,
        0,
        0,
        0,
        0,
        0,
        0,
        0,
        0,
        0,
        null,
        0,
        0,
        0,
        0,
        null,
        0
      ],
      "/home/ec2-user/environment/team_froyo/app/controllers/static_pages_controller.rb": [
        0,
        0,
        0,
        null,
        0,
        0,
        null,
        0,
        0,
        null,
        0,
        0,
        0
      ],
      "/home/ec2-user/environment/team_froyo/app/controllers/application_controller.rb": [
        0,
        0,
        0,
        0,
        0,
        0,
        0
      ]
    },
    "timestamp": 1521736322
  },
  "Cucumber Features": {
    "coverage": {
      "/home/ubuntu/workspace/team_froyo/app/controllers/instructors_controller.rb": [
        1,
        1,
        1,
        1,
        1,
        5,
        5,
        2,
        2,
        2,
        null,
        3,
        null,
        null,
        null,
        1,
        1,
        null,
        null,
        1,
        3,
        null,
        null,
        1,
        6,
        null,
        null,
        1,
        0,
        null,
        null,
        1,
        0,
        0,
        0,
        0,
        null,
        0,
        null,
        null,
        null,
        1,
        0,
        0,
        0,
        null,
        null,
        1,
        null,
        1,
        5,
        null,
        null,
        null,
        1,
        1,
        0,
        0,
        0,
        null,
        null,
        null,
        1,
        0,
        0,
        null,
        null,
        1,
        0,
        null,
        null
      ],
      "/home/ubuntu/workspace/team_froyo/app/controllers/application_controller.rb": [
        1,
        1,
        1,
        1,
        0,
        null,
        null
      ],
      "/home/ubuntu/workspace/team_froyo/app/helpers/application_helper.rb": [
        1,
        null,
        1,
        14,
        14,
        0,
        null,
        14,
        null,
        null,
        null,
        null
      ],
      "/home/ubuntu/workspace/team_froyo/app/helpers/instructors_helper.rb": [
        1,
        null
      ],
      "/home/ubuntu/workspace/team_froyo/app/helpers/sessions_helper.rb": [
        1,
        null,
        1,
        3,
        null,
        null,
        1,
        0,
        0,
        0,
        null,
        null,
        1,
        31,
        22,
        9,
        0,
        0,
        0,
        0,
        null,
        null,
        null,
        null,
        1,
        15,
        null,
        null,
        1,
        1,
        1,
        1,
        null,
        null,
        1,
        0,
        0,
        0,
        null,
        null,
        1,
        3,
        null,
        null,
        1,
        1,
        1,
        null,
        null,
        1,
        0,
        null,
        null,
        null
      ],
      "/home/ubuntu/workspace/team_froyo/app/helpers/static_pages_helper.rb": [
        1,
        null
      ],
      "/home/ubuntu/workspace/team_froyo/app/models/instructor.rb": [
        1,
        1,
        3,
        1,
        1,
        1,
        null,
        null,
        1,
        1,
        null,
        1,
        0,
        null,
        0,
        null,
        null,
        1,
        0,
        null,
        null,
        1,
        0,
        0,
        null,
        null,
        1,
        0,
        0,
        null,
        null,
        1,
        1,
        null,
        null
      ],
      "/home/ubuntu/workspace/team_froyo/app/models/application_record.rb": [
        1,
        1,
        null
      ],
      "/home/ubuntu/workspace/team_froyo/app/controllers/sessions_controller.rb": [
        1,
        1,
        null,
        null,
        1,
        1,
        1,
        1,
        1,
        1,
        null,
        0,
        0,
        null,
        null,
        null,
        1,
        0,
        0,
        null,
        null,
        null
      ],
      "/home/ubuntu/workspace/team_froyo/app/channels/application_cable/connection.rb": [
        0,
        0,
        0,
        0
      ],
      "/home/ubuntu/workspace/team_froyo/app/channels/application_cable/channel.rb": [
        0,
        0,
        0,
        0
      ],
      "/home/ubuntu/workspace/team_froyo/app/controllers/static_pages_controller.rb": [
        0,
        0,
        0,
        null,
        0,
        0,
        null,
        0,
        0,
        null,
        0,
        0,
        0
      ],
      "/home/ubuntu/workspace/team_froyo/app/jobs/application_job.rb": [
        0,
        0
      ],
      "/home/ubuntu/workspace/team_froyo/app/mailers/application_mailer.rb": [
        0,
        0,
        0,
        0
      ]
    },
    "timestamp": 1521780909
  }
}
