{
  "RSpec": {
    "coverage": {
      "/home/ubuntu/workspace/team_froyo/app/helpers/application_helper.rb": [
        1,
        null,
        1,
        0,
        0,
        0,
        null,
        0,
        null,
        null,
        null,
        null
      ],
      "/home/ubuntu/workspace/team_froyo/app/helpers/instructors_helper.rb": [
        1,
        null
      ],
      "/home/ubuntu/workspace/team_froyo/app/helpers/problem_displays_helper.rb": [
        1,
        null
      ],
      "/home/ubuntu/workspace/team_froyo/app/helpers/problems_helper.rb": [
        1,
        null
      ],
      "/home/ubuntu/workspace/team_froyo/app/helpers/sessions_helper.rb": [
        1,
        null,
        1,
        0,
        null,
        null,
        1,
        0,
        0,
        0,
        null,
        null,
        1,
        0,
        0,
        0,
        0,
        0,
        0,
        0,
        null,
        null,
        null,
        null,
        1,
        0,
        null,
        null,
        1,
        0,
        0,
        0,
        null,
        null,
        1,
        0,
        0,
        0,
        null,
        null,
        1,
        0,
        null,
        null,
        1,
        0,
        0,
        null,
        null,
        1,
        0,
        null,
        null,
        null
      ],
      "/home/ubuntu/workspace/team_froyo/app/helpers/static_pages_helper.rb": [
        1,
        null
      ],
      "/home/ubuntu/workspace/team_froyo/app/helpers/topics_helper.rb": [
        1,
        null
      ],
      "/home/ubuntu/workspace/team_froyo/app/channels/application_cable/channel.rb": [
        1,
        1,
        null,
        null
      ],
      "/home/ubuntu/workspace/team_froyo/app/channels/application_cable/connection.rb": [
        1,
        1,
        null,
        null
      ],
      "/home/ubuntu/workspace/team_froyo/app/controllers/problem_displays_controller.rb": [
        1,
        1,
        0,
        null,
        null,
        1,
        0,
        0,
        0,
        null,
        0,
        null,
        null,
        0,
        null,
        null,
        null,
        0,
        0,
        null,
        0,
        0,
        null,
        null,
        null,
        1,
        null,
        0,
        0,
        null,
        0,
        null,
        0,
        0,
        null,
        0,
        null,
        null,
        1,
        null,
        0,
        0,
        null,
        0,
        null,
        0,
        0,
        null,
        0,
        null,
        null,
        1,
        0,
        0,
        0,
        0,
        0,
        null,
        null,
        1,
        0,
        0,
        null,
        0,
        null,
        0,
        null,
        null,
        1,
        0,
        0,
        null,
        0,
        null,
        0,
        null,
        null,
        null
      ],
      "/home/ubuntu/workspace/team_froyo/app/controllers/application_controller.rb": [
        1,
        1,
        1,
        1,
        0,
        null,
        null
      ],
      "/home/ubuntu/workspace/team_froyo/app/controllers/problems_controller.rb": [
        1,
        1,
        null,
        1,
        0,
        0,
        0,
        0,
        null,
        null,
        null,
        1,
        0,
        0,
        0,
        0,
        null,
        0,
        null,
        null,
        null,
        1,
        0,
        null,
        null,
        1,
        0,
        null,
        null,
        1,
        0,
        null,
        null,
        1,
        0,
        0,
        0,
        0,
        null,
        0,
        null,
        null,
        null,
        1,
        null,
        1,
        0,
        null,
        null,
        1,
        0,
        null,
        null,
        null,
        1,
        0,
        0,
        0,
        0,
        null,
        null,
        null,
        1,
        0,
        0,
        null,
        null,
        1,
        0,
        null,
        null
      ],
      "/home/ubuntu/workspace/team_froyo/app/controllers/sessions_controller.rb": [
        1,
        1,
        null,
        null,
        1,
        0,
        0,
        0,
        0,
        0,
        null,
        0,
        0,
        null,
        null,
        null,
        1,
        0,
        0,
        null,
        null,
        null
      ],
      "/home/ubuntu/workspace/team_froyo/app/controllers/topics_controller.rb": [
        1,
        1,
        1,
        0,
        null,
        null,
        1,
        0,
        0,
        0,
        0,
        0,
        null,
        0,
        null,
        null,
        null,
        1,
        0,
        0,
        null,
        null,
        1,
        0,
        null,
        null,
        1,
        0,
        0,
        0,
        0,
        null,
        0,
        null,
        null,
        null,
        1,
        0,
        null,
        null,
        1,
        0,
        0,
        0,
        null,
        null,
        1,
        null,
        1,
        0,
        null,
        null,
        1,
        0,
        null,
        null,
        null,
        1,
        0,
        0,
        0,
        0,
        null,
        null,
        null,
        1,
        0,
        0,
        null,
        null,
        1,
        0,
        null,
        null
      ],
      "/home/ubuntu/workspace/team_froyo/app/jobs/application_job.rb": [
        1,
        null
      ],
      "/home/ubuntu/workspace/team_froyo/app/mailers/application_mailer.rb": [
        1,
        1,
        1,
        null
      ],
      "/home/ubuntu/workspace/team_froyo/app/models/instructor.rb": [
        1,
        1,
        1,
        1,
        1,
        1,
        null,
        null,
        1,
        1,
        null,
        1,
        0,
        null,
        0,
        null,
        null,
        1,
        0,
        null,
        null,
        1,
        0,
        0,
        null,
        null,
        1,
        0,
        0,
        null,
        null,
        1,
        0,
        null,
        null
      ],
      "/home/ubuntu/workspace/team_froyo/app/models/application_record.rb": [
        1,
        1,
        null
      ],
      "/home/ubuntu/workspace/team_froyo/app/models/problem.rb": [
        1,
        1,
        1,
        1,
        1,
        null
      ],
      "/home/ubuntu/workspace/team_froyo/app/models/topic.rb": [
        1,
        1,
        1,
        null,
        null
      ],
      "/home/ubuntu/workspace/team_froyo/app/controllers/instructors_controller.rb": [
        0,
        0,
        0,
        0,
        0,
        0,
        0,
        0,
        0,
        0,
        0,
        0,
        0,
        0,
        null,
        0,
        0,
        0,
        null,
        0,
        0,
        0,
        null,
        0,
        0,
        0,
        null,
        0,
        0,
        0,
        null,
        0,
        0,
        0,
        0,
        0,
        0,
        0,
        0,
        0,
        null,
        0,
        0,
        0,
        0,
        0,
        null,
        0,
        null,
        0,
        0,
        0,
        0,
        null,
        0,
        0,
        0,
        0,
        0,
        0,
        0,
        null,
        0,
        0,
        0,
        0,
        null,
        0,
        0,
        0,
        0
      ],
      "/home/ubuntu/workspace/team_froyo/app/controllers/static_pages_controller.rb": [
        0,
        0,
        0,
        null,
        0,
        0,
        null,
        0,
        0,
        null,
        0,
        0,
        0
      ]
    },
    "timestamp": 1525112697
  },
  "Cucumber Features": {
    "coverage": {
      "/home/ubuntu/workspace/team_froyo/app/controllers/instructors_controller.rb": [
        1,
        1,
        1,
        1,
        1,
        17,
        17,
        14,
        14,
        14,
        null,
        3,
        null,
        null,
        null,
        1,
        2,
        null,
        null,
        1,
        28,
        null,
        null,
        1,
        18,
        null,
        null,
        1,
        1,
        null,
        null,
        1,
        1,
        1,
        1,
        1,
        null,
        0,
        null,
        null,
        null,
        1,
        1,
        1,
        1,
        null,
        null,
        1,
        null,
        1,
        18,
        null,
        null,
        null,
        1,
        5,
        0,
        0,
        0,
        null,
        null,
        null,
        1,
        2,
        2,
        null,
        null,
        1,
        1,
        null,
        null
      ],
      "/home/ubuntu/workspace/team_froyo/app/controllers/application_controller.rb": [
        1,
        1,
        1,
        1,
        0,
        null,
        null
      ],
      "/home/ubuntu/workspace/team_froyo/app/helpers/application_helper.rb": [
        1,
        null,
        1,
        91,
        91,
        1,
        null,
        90,
        null,
        null,
        null,
        null
      ],
      "/home/ubuntu/workspace/team_froyo/app/helpers/instructors_helper.rb": [
        1,
        null
      ],
      "/home/ubuntu/workspace/team_froyo/app/helpers/problem_displays_helper.rb": [
        1,
        null
      ],
      "/home/ubuntu/workspace/team_froyo/app/helpers/problems_helper.rb": [
        1,
        null
      ],
      "/home/ubuntu/workspace/team_froyo/app/helpers/sessions_helper.rb": [
        1,
        null,
        1,
        27,
        null,
        null,
        1,
        0,
        0,
        0,
        null,
        null,
        1,
        256,
        230,
        26,
        0,
        0,
        0,
        0,
        null,
        null,
        null,
        null,
        1,
        109,
        null,
        null,
        1,
        13,
        13,
        13,
        null,
        null,
        1,
        0,
        0,
        0,
        null,
        null,
        1,
        7,
        null,
        null,
        1,
        13,
        13,
        null,
        null,
        1,
        2,
        null,
        null,
        null
      ],
      "/home/ubuntu/workspace/team_froyo/app/helpers/static_pages_helper.rb": [
        1,
        null
      ],
      "/home/ubuntu/workspace/team_froyo/app/helpers/topics_helper.rb": [
        1,
        null
      ],
      "/home/ubuntu/workspace/team_froyo/app/models/instructor.rb": [
        1,
        1,
        16,
        1,
        1,
        1,
        null,
        null,
        1,
        1,
        null,
        1,
        0,
        null,
        0,
        null,
        null,
        1,
        0,
        null,
        null,
        1,
        0,
        0,
        null,
        null,
        1,
        0,
        0,
        null,
        null,
        1,
        13,
        null,
        null
      ],
      "/home/ubuntu/workspace/team_froyo/app/models/application_record.rb": [
        1,
        1,
        null
      ],
      "/home/ubuntu/workspace/team_froyo/app/controllers/sessions_controller.rb": [
        1,
        1,
        null,
        null,
        1,
        13,
        13,
        13,
        13,
        13,
        null,
        0,
        0,
        null,
        null,
        null,
        1,
        0,
        0,
        null,
        null,
        null
      ],
      "/home/ubuntu/workspace/team_froyo/app/controllers/topics_controller.rb": [
        1,
        1,
        1,
        2,
        null,
        null,
        1,
        0,
        0,
        0,
        0,
        0,
        null,
        0,
        null,
        null,
        null,
        1,
        3,
        3,
        null,
        null,
        1,
        2,
        null,
        null,
        1,
        0,
        0,
        0,
        0,
        null,
        0,
        null,
        null,
        null,
        1,
        7,
        null,
        null,
        1,
        1,
        1,
        1,
        null,
        null,
        1,
        null,
        1,
        0,
        null,
        null,
        1,
        0,
        null,
        null,
        null,
        1,
        6,
        1,
        1,
        1,
        null,
        null,
        null,
        1,
        0,
        0,
        null,
        null,
        1,
        0,
        null,
        null
      ],
      "/home/ubuntu/workspace/team_froyo/app/models/topic.rb": [
        1,
        1,
        1,
        null,
        null
      ],
      "/home/ubuntu/workspace/team_froyo/app/controllers/problems_controller.rb": [
        1,
        1,
        null,
        1,
        2,
        2,
        2,
        2,
        null,
        null,
        null,
        1,
        2,
        2,
        1,
        1,
        null,
        1,
        null,
        null,
        null,
        1,
        5,
        null,
        null,
        1,
        2,
        null,
        null,
        1,
        2,
        null,
        null,
        1,
        2,
        2,
        1,
        1,
        null,
        1,
        null,
        null,
        null,
        1,
        null,
        1,
        4,
        null,
        null,
        1,
        0,
        null,
        null,
        null,
        1,
        7,
        1,
        1,
        1,
        null,
        null,
        null,
        1,
        0,
        0,
        null,
        null,
        1,
        0,
        null,
        null
      ],
      "/home/ubuntu/workspace/team_froyo/app/controllers/static_pages_controller.rb": [
        1,
        1,
        null,
        null,
        1,
        null,
        null,
        1,
        null,
        null,
        1,
        null,
        null
      ],
      "/home/ubuntu/workspace/team_froyo/app/models/problem.rb": [
        1,
        1,
        1,
        1,
        1,
        null
      ],
      "/home/ubuntu/workspace/team_froyo/app/mailers/application_mailer.rb": [
        0,
        0,
        0,
        0
      ],
      "/home/ubuntu/workspace/team_froyo/app/jobs/application_job.rb": [
        0,
        0
      ],
      "/home/ubuntu/workspace/team_froyo/app/channels/application_cable/connection.rb": [
        0,
        0,
        0,
        0
      ],
      "/home/ubuntu/workspace/team_froyo/app/channels/application_cable/channel.rb": [
        0,
        0,
        0,
        0
      ],
      "/home/ubuntu/workspace/team_froyo/app/controllers/problem_displays_controller.rb": [
        0,
        0,
        0,
        0,
        null,
        0,
        0,
        0,
        0,
        null,
        0,
        null,
        null,
        0,
        null,
        0,
        null,
        0,
        0,
        0,
        0,
        0,
        0,
        0,
        null,
        0,
        null,
        0,
        0,
        0,
        0,
        0,
        0,
        0,
        null,
        0,
        0,
        null,
        0,
        null,
        0,
        0,
        0,
        0,
        0,
        0,
        0,
        null,
        0,
        0,
        null,
        0,
        0,
        0,
        0,
        0,
        0,
        0,
        null,
        0,
        0,
        0,
        0,
        0,
        0,
        0,
        0,
        null,
        0,
        0,
        0,
        0,
        0,
        0,
        0,
        0,
        null,
        0
      ]
    },
    "timestamp": 1525113966
  }
}
